<?xml version="1.0" encoding="UTF-8"?>
<!-- Generated by org.testng.reporters.JUnitXMLReporter -->
<testsuite hostname="DESKTOP-C7SRO4S" ignored="0" name="Default test" tests="3" failures="0" timestamp="24 May 2020 12:18:26 GMT" time="28.614" errors="0">
  <testcase name="loginTest" time="0.399" classname="Test1.DatProvider"/>
  <testcase name="loginTest" time="0.339" classname="Test1.DatProvider"/>
  <testcase name="loginTest" time="0.472" classname="Test1.DatProvider"/>
</testsuite> <!-- Default test -->
